2017-12-30 22:47:49,056 ERROR Page download from url successful: http://www.finviz.com
2017-12-30 22:49:37,992 ERROR Page download from url successful: http://www.finviz.com
2017-12-30 22:50:35,865 ERROR Page download from url successful: http://www.finviz.com
2017-12-30 23:33:50,692 ERROR Page download from url successful: http://www.finviz.com
2017-12-30 23:35:32,204 ERROR Page download from url successful: http://www.finviz.com
2017-12-30 23:36:16,336 ERROR Page download from url successful: http://www.finviz.com
2017-12-30 23:37:17,656 ERROR Page download from url successful: http://www.finviz.com
2017-12-30 23:38:53,057 ERROR Page download from url successful: http://www.finviz.com
2017-12-30 23:41:16,116 ERROR Page download from url successful: http://www.finviz.com
2017-12-30 23:46:07,720 ERROR Page download from url successful: http://www.finviz.com
2017-12-30 23:46:52,536 ERROR Page download from url successful: http://www.finviz.com
2017-12-30 23:49:05,856 ERROR Page download from url successful: http://www.finviz.com
2017-12-31 00:47:33,236 ERROR Page download from url successful: http://www.finviz.com
2017-12-31 00:48:04,567 ERROR Page download from url successful: http://www.finviz.com
2017-12-31 00:48:22,246 ERROR Page download from url successful: http://www.finviz.com
2017-12-31 00:50:38,549 ERROR Page download from url successful: http://www.finviz.com
2018-01-01 22:33:54,291 ERROR Page download from url successful: http://www.finviz.com
2018-01-01 22:35:37,981 ERROR Page download from url successful: http://www.finviz.com
2018-01-01 22:37:12,835 ERROR Page download from url successful: http://www.finviz.com
2018-01-01 22:40:30,286 ERROR Page download from url successful: http://www.finviz.com
2018-01-01 22:44:26,570 ERROR Page download from url successful: http://www.finviz.com
2018-01-01 22:47:15,720 ERROR Page download from url successful: http://www.finviz.com
2018-01-01 22:48:00,751 ERROR Page download from url successful: http://www.finviz.com
2018-01-01 22:49:09,849 ERROR Page download from url successful: http://www.finviz.com
2018-01-01 22:56:27,614 ERROR Page download from url successful: http://www.finviz.com
2018-01-04 00:04:55,107 ERROR Page download from url successful: http://www.finviz.com
2018-01-04 00:07:17,438 ERROR Page download from url successful: http://www.finviz.com
2018-01-04 00:09:18,368 ERROR Page download from url successful: http://www.finviz.com
2018-01-04 00:11:15,335 ERROR Page download from url successful: http://www.finviz.com
2018-01-04 00:11:47,142 ERROR Page download from url successful: http://www.finviz.com
2018-01-04 00:12:40,053 ERROR Page download from url successful: http://www.finviz.com
2018-01-04 00:14:01,606 ERROR Page download from url successful: http://www.finviz.com
2018-01-04 00:14:33,201 ERROR Page download from url successful: http://www.finviz.com
2018-01-04 00:19:19,178 ERROR Page download from url successful: http://www.finviz.com
2018-01-04 00:20:26,481 ERROR Page download from url successful: http://www.finviz.com
2018-01-04 00:23:53,590 ERROR Page download from url successful: http://www.finviz.com
2018-01-04 00:25:13,826 ERROR Page download from url successful: http://www.finviz.com
2018-01-04 00:32:31,297 ERROR Page download from url successful: http://www.finviz.com
2018-01-04 00:39:53,488 ERROR Page download from url successful: http://www.finviz.com
2018-01-04 00:51:13,600 ERROR Page download from url successful: http://www.finviz.com
2018-01-04 00:51:43,078 ERROR Page download from url successful: http://www.finviz.com
2018-01-04 00:52:22,568 ERROR Page download from url successful: http://www.finviz.com
2018-01-04 00:53:14,727 ERROR Page download from url successful: http://www.finviz.com
2018-01-04 01:01:19,379 ERROR Page download from url successful: http://www.finviz.com
2018-01-04 01:01:59,358 ERROR Page download from url successful: http://www.finviz.com
2018-01-04 01:02:16,682 ERROR Page download from url successful: http://www.finviz.com
2018-01-04 01:03:12,553 ERROR Page download from url successful: http://www.finviz.com
2018-01-04 01:03:43,335 ERROR Page download from url successful: http://www.finviz.com
2018-01-04 01:04:06,871 ERROR Page download from url successful: http://www.finviz.com
2018-01-04 01:20:28,958 ERROR Page download from url successful: http://www.finviz.com
2018-01-04 01:27:11,326 ERROR Page download from url successful: http://www.finviz.com
2018-01-04 01:28:55,643 ERROR Page download from url successful: http://www.finviz.com
2018-01-04 01:32:32,511 ERROR Page download from url successful: http://www.finviz.com
2018-01-04 01:33:54,590 ERROR Page download from url successful: http://www.finviz.com
2018-01-04 01:40:17,967 ERROR Page download from url successful: http://www.finviz.com
2018-01-04 01:41:15,667 ERROR Page download from url successful: http://www.finviz.com
2018-01-04 01:42:04,562 ERROR Page download from url successful: http://www.finviz.com
2018-01-04 01:43:43,561 ERROR Page download from url successful: http://www.finviz.com
2018-01-04 01:44:05,661 ERROR Page download from url successful: http://www.finviz.com
2018-01-04 01:48:42,601 ERROR Page download from url successful: http://www.finviz.com
2018-01-04 01:50:04,645 ERROR Page download from url successful: http://www.finviz.com
2018-01-04 01:51:11,949 ERROR Page download from url successful: http://www.finviz.com
2018-01-04 01:52:42,033 ERROR Page download from url successful: http://www.finviz.com
2018-01-04 01:53:51,574 ERROR Page download from url successful: http://www.finviz.com
2018-01-04 01:54:58,808 ERROR Page download from url successful: http://www.finviz.com
2018-01-04 01:55:33,592 ERROR Page download from url successful: http://www.finviz.com
2018-01-04 01:55:50,635 ERROR Page download from url successful: http://www.finviz.com
2018-01-04 01:56:34,979 ERROR Page download from url successful: http://www.finviz.com
2018-01-04 01:56:51,759 ERROR Page download from url successful: http://www.finviz.com
2018-01-04 01:57:23,012 ERROR Page download from url successful: http://www.finviz.com
2018-01-04 01:59:36,997 ERROR Page download from url successful: http://www.finviz.com
2018-01-04 02:01:20,871 ERROR Page download from url successful: http://www.finviz.com
2018-01-04 02:02:10,839 ERROR Page download from url successful: http://www.finviz.com
2018-01-04 02:21:59,876 ERROR Page download from url successful: http://www.finviz.com
2018-01-04 02:24:23,209 ERROR Page download from url successful: http://www.finviz.com
2018-01-04 02:25:16,945 ERROR Page download from url successful: http://www.finviz.com
2018-01-04 02:26:46,138 ERROR Page download from url successful: http://www.finviz.com
2018-01-04 02:27:40,210 ERROR Page download from url successful: http://www.finviz.com
2018-01-04 02:30:52,028 ERROR Page download from url successful: http://www.finviz.com
2018-01-04 02:33:15,858 ERROR Page download from url successful: http://www.finviz.com
2018-01-04 02:35:36,726 ERROR Page download from url successful: http://www.finviz.com
2018-01-04 02:36:48,683 ERROR Page download from url successful: http://www.finviz.com
2018-01-04 02:41:13,935 ERROR Page download from url successful: http://www.finviz.com
2018-01-04 02:45:31,223 ERROR Page download from url successful: http://www.finviz.com
2018-01-04 02:47:12,075 ERROR Page download from url successful: http://www.finviz.com
2018-01-04 02:50:27,699 ERROR Page download from url successful: http://www.finviz.com
2018-01-04 02:52:37,867 ERROR Page download from url successful: http://www.finviz.com
2018-01-04 02:54:19,419 ERROR Page download from url successful: http://www.finviz.com
2018-01-04 03:00:52,848 ERROR Page download from url successful: http://www.finviz.com
2018-01-04 03:16:58,799 ERROR Page download from url successful: http://www.finviz.com
2018-01-04 03:27:19,319 ERROR Page download from url successful: http://www.finviz.com
2018-01-04 03:29:29,925 ERROR Page download from url successful: http://www.finviz.com
2018-01-04 03:33:44,681 ERROR Page download from url successful: http://www.finviz.com
2018-01-04 03:41:48,516 ERROR Page download from url successful: http://www.finviz.com
2018-01-04 03:44:15,250 ERROR Page download from url successful: http://www.finviz.com
2018-01-04 03:49:07,204 ERROR Page download from url successful: http://www.finviz.com
2018-01-04 03:51:49,433 ERROR Page download from url successful: http://www.finviz.com
2018-01-04 03:55:14,556 ERROR Page download from url successful: http://www.finviz.com
2018-01-04 04:22:40,220 ERROR Page download from url successful: http://www.finviz.com
2018-01-04 04:25:50,463 ERROR Page download from url successful: http://www.finviz.com
2018-01-04 04:30:05,507 ERROR Page download from url successful: http://www.finviz.com
2018-01-04 04:31:01,623 ERROR Page download from url successful: http://www.finviz.com
2018-01-04 04:31:41,421 ERROR Page download from url successful: http://www.finviz.com
2018-01-04 04:32:02,931 ERROR Page download from url successful: http://www.finviz.com
2018-01-04 04:42:26,026 ERROR Page download from url successful: http://www.finviz.com
2018-01-04 04:51:47,337 ERROR Page download from url successful: http://www.finviz.com
2018-01-04 05:32:30,188 ERROR Failed to download page from website: (1054, "Unknown column 'price_day_2' in 'where clause'")<class '_mysql_exceptions.OperationalError'>shtf.py77
2018-01-04 05:32:31,183 ERROR Page download from url successful: http://www.finviz.com
2018-01-04 05:39:39,991 ERROR Page download from url successful: http://www.finviz.com
2018-01-04 06:12:45,192 ERROR Failed to collect fundamental data from website: tuple indices must be integers, not str<type 'exceptions.TypeError'>shtf.py279
2018-01-04 06:15:41,088 ERROR Failed to collect fundamental data from website: tuple indices must be integers, not str<type 'exceptions.TypeError'>shtf.py280
2018-01-04 06:18:43,364 ERROR Failed to collect fundamental data from website: tuple indices must be integers, not str<type 'exceptions.TypeError'>shtf.py286
2018-01-04 06:19:07,070 ERROR Failed collect data from database: global name 'previous_day_array' is not defined<type 'exceptions.NameError'>shtf.py107
2018-01-04 06:19:07,071 ERROR Failed to collect fundamental data from website: 'bool' object is not iterable<type 'exceptions.TypeError'>shtf.py285
2018-01-04 06:19:57,164 ERROR Failed collect data from database: global name 'previous_day_array' is not defined<type 'exceptions.NameError'>shtf.py107
2018-01-04 06:19:57,164 ERROR Failed to collect fundamental data from website: 'bool' object is not iterable<type 'exceptions.TypeError'>shtf.py285
2018-01-04 06:20:46,010 ERROR Failed to collect fundamental data from website: tuple indices must be integers, not str<type 'exceptions.TypeError'>shtf.py288
2018-01-04 06:21:07,138 ERROR Failed to collect fundamental data from website: tuple indices must be integers, not str<type 'exceptions.TypeError'>shtf.py288
2018-01-04 06:26:42,872 ERROR Failed to collect fundamental data from website: tuple indices must be integers, not str<type 'exceptions.TypeError'>shtf.py288
2018-01-04 06:27:23,134 ERROR Failed to collect fundamental data from website: tuple indices must be integers, not str<type 'exceptions.TypeError'>shtf.py288
2018-01-04 06:29:50,033 ERROR Failed to collect fundamental data from website: 'metric'<type 'exceptions.KeyError'>shtf.py321
2018-01-04 06:32:35,556 ERROR Failed to collect fundamental data from website: 'long' object has no attribute 'replace'<type 'exceptions.AttributeError'>shtf.py348
2018-01-04 06:34:57,972 ERROR Failed to collect fundamental data from website: 'long' object has no attribute 'replace'<type 'exceptions.AttributeError'>shtf.py342
2018-01-04 06:34:58,923 ERROR Page download from url successful: http://www.finviz.com
2018-01-04 06:42:38,829 ERROR Failed to collect fundamental data from website: 'long' object has no attribute 'replace'<type 'exceptions.AttributeError'>shtf.py343
2018-01-04 06:42:53,183 ERROR Failed to collect fundamental data from website: 'long' object has no attribute 'replace'<type 'exceptions.AttributeError'>shtf.py343
2018-01-04 06:42:54,208 ERROR Page download from url successful: http://www.finviz.com
2018-01-04 06:43:21,695 ERROR Failed to collect fundamental data from website: 'long' object has no attribute 'replace'<type 'exceptions.AttributeError'>shtf.py343
2018-01-04 06:43:22,794 ERROR Page download from url successful: http://www.finviz.com
2018-01-04 06:43:34,882 ERROR Failed to collect fundamental data from website: 'long' object has no attribute 'replace'<type 'exceptions.AttributeError'>shtf.py343
2018-01-04 06:44:14,787 ERROR Failed to collect fundamental data from website: 'long' object has no attribute 'replace'<type 'exceptions.AttributeError'>shtf.py342
2018-01-04 06:44:15,866 ERROR Page download from url successful: http://www.finviz.com
2018-01-04 06:46:01,175 ERROR Failed to collect fundamental data from website: 'long' object has no attribute 'replace'<type 'exceptions.AttributeError'>shtf.py342
2018-01-04 06:46:02,106 ERROR Page download from url successful: http://www.finviz.com
2018-01-04 07:28:06,264 ERROR Failed to collect fundamental data from website: 'NoneType' object has no attribute 'replace'<type 'exceptions.AttributeError'>shtf.py393
2018-01-04 07:28:32,076 ERROR Failed to collect fundamental data from website: 'NoneType' object has no attribute 'replace'<type 'exceptions.AttributeError'>shtf.py393
2018-01-04 07:28:32,077 ERROR Failed insert previous day price data to database: 'bool' object is not iterable<type 'exceptions.TypeError'>shtf.py133
2018-01-04 07:28:32,977 ERROR Page download from url successful: http://www.finviz.com
2018-01-04 07:48:34,909 ERROR Failed to collect fundamental data from website: store_previous_day_data() takes exactly 2 arguments (3 given)<type 'exceptions.TypeError'>shtf.py441
2018-01-04 07:48:35,811 ERROR Page download from url successful: http://www.finviz.com
2018-01-04 07:49:16,416 ERROR Failed to collect fundamental data from website: store_previous_day_data() takes exactly 2 arguments (3 given)<type 'exceptions.TypeError'>shtf.py441
2018-01-04 07:56:14,936 ERROR Failed insert previous day price data to database: (1064, "You have an error in your SQL syntax; check the manual that corresponds to your MySQL server version for the right syntax to use near 'WHERE id=1' at line 1")<class '_mysql_exceptions.ProgrammingError'>shtf.py193
2018-01-04 07:57:21,160 ERROR Failed insert previous day price data to database: (1064, "You have an error in your SQL syntax; check the manual that corresponds to your MySQL server version for the right syntax to use near 'WHERE id=1' at line 1")<class '_mysql_exceptions.ProgrammingError'>shtf.py194
2018-01-04 08:02:54,976 ERROR Failed to collect fundamental data from website: 'Decimal' object has no attribute 'replace'<type 'exceptions.AttributeError'>shtf.py428
2018-01-04 08:02:55,914 ERROR Page download from url successful: http://www.finviz.com
2018-01-04 08:03:05,374 ERROR Failed to collect fundamental data from website: 'Decimal' object has no attribute 'replace'<type 'exceptions.AttributeError'>shtf.py428
2018-01-04 08:06:38,437 ERROR Failed to collect fundamental data from website: 'NoneType' object has no attribute 'replace'<type 'exceptions.AttributeError'>shtf.py428
2018-01-04 08:07:49,178 ERROR Failed to collect fundamental data from website: 'Decimal' object has no attribute 'replace'<type 'exceptions.AttributeError'>shtf.py428
2018-01-04 08:08:36,953 ERROR Failed to collect fundamental data from website: 'builtin_function_or_method' object is not iterable<type 'exceptions.TypeError'>shtf.py428
2018-01-04 08:09:13,552 ERROR Failed to collect fundamental data from website: 'Decimal' object has no attribute 'replace'<type 'exceptions.AttributeError'>shtf.py428
2018-01-04 08:29:58,654 ERROR Page download from url successful: http://www.finviz.com
2018-01-04 08:35:32,059 ERROR Page download from url successful: http://www.finviz.com
2018-01-04 08:36:43,678 ERROR Failed collect data from database: len() takes exactly one argument (0 given)<type 'exceptions.TypeError'>shtf.py102
2018-01-04 08:36:43,678 ERROR Failed to collect fundamental data from website: 'bool' object is not iterable<type 'exceptions.TypeError'>shtf.py369
2018-01-04 08:36:44,571 ERROR Page download from url successful: http://www.finviz.com
2018-01-04 08:38:27,974 ERROR Page download from url successful: http://www.finviz.com
2018-01-04 08:39:00,988 ERROR Page download from url successful: http://www.finviz.com
2018-01-04 08:44:25,498 ERROR Page download from url successful: http://www.finviz.com
2018-01-04 08:45:28,723 ERROR Page download from url successful: http://www.finviz.com
2018-01-04 08:45:41,489 ERROR Page download from url successful: http://www.finviz.com
2018-01-04 08:50:34,059 ERROR Page download from url successful: http://www.finviz.com
2018-01-04 08:58:58,651 ERROR Page download from url successful: http://www.finviz.com
2018-01-06 01:05:09,758 ERROR Failed to build command arguments: global name 'string' is not defined<type 'exceptions.NameError'>shtf.py696
2018-01-06 01:05:49,944 ERROR Failed to build command arguments: global name 'string' is not defined<type 'exceptions.NameError'>shtf.py696
2018-01-06 01:06:34,322 ERROR Failed to build command arguments: global name 'string' is not defined<type 'exceptions.NameError'>shtf.py696
2018-01-06 01:07:41,363 ERROR Failed to build command arguments: an integer is required<type 'exceptions.TypeError'>shtf.py696
2018-01-06 01:08:25,591 ERROR Failed to build command arguments: an integer is required<type 'exceptions.TypeError'>shtf.py697
2018-01-06 01:09:42,686 ERROR Failed to build command arguments: an integer is required<type 'exceptions.TypeError'>shtf.py696
2018-01-06 01:10:30,556 ERROR Failed to build command arguments: an integer is required<type 'exceptions.TypeError'>shtf.py696
2018-01-06 01:10:58,781 ERROR Failed to build command arguments: an integer is required<type 'exceptions.TypeError'>shtf.py696
2018-01-06 01:11:39,202 ERROR Failed to build command arguments: an integer is required<type 'exceptions.TypeError'>shtf.py697
2018-01-06 01:16:07,557 ERROR Page download from url successful: http://www.finviz.com
2018-02-07 02:59:53,950 ERROR Page download from url successful: http://www.finviz.com
2018-03-06 11:16:03,274 ERROR Page download from url successful: http://www.finviz.com
2018-03-06 11:24:26,671 ERROR Page download from url successful: http://www.finviz.com
